<?xml version="1.0" encoding="UTF-8"?>
<!-- Generated by org.testng.reporters.JUnitXMLReporter -->
<testsuite ignored="3" hostname="DESKTOP-L0JVME0" failures="0" tests="4" name="Patient Registration" time="87.362" errors="0" timestamp="2023-09-25T13:00:01 IST">
  <testcase classname="TestData.PatientData" name="click_Register_menu" time="3.663"/>
  <testcase classname="TestData.PatientData" name="demographics" time="0.768"/>
  <testcase classname="TestData.PatientData" name="contactInfo" time="0.62"/>
  <testcase classname="TestData.PatientData" name="verify_patient_vist" time="82.262"/>
  <testcase classname="Main.Index" name="@BeforeSuite launch_Browser" time="0.0">
    <ignored/>
  </testcase> <!-- @BeforeSuite launch_Browser -->
  <testcase classname="Main.Index" name="@BeforeSuite login" time="0.0">
    <ignored/>
  </testcase> <!-- @BeforeSuite login -->
  <testcase classname="Main.Index" name="@AfterSuite tear_down" time="0.0">
    <ignored/>
  </testcase> <!-- @AfterSuite tear_down -->
</testsuite> <!-- Patient Registration -->
