<?xml version="1.0" encoding="UTF-8"?>
<!-- Generated by org.testng.reporters.JUnitXMLReporter -->
<testsuite ignored="0" hostname="DESKTOP-L0JVME0" failures="0" tests="4" name="Default test" time="88.714" errors="0" timestamp="2023-09-22T19:06:35 IST">
  <testcase classname="TestData.PatientData" name="click_Register_menu" time="4.264"/>
  <testcase classname="TestData.PatientData" name="demographics" time="0.666"/>
  <testcase classname="TestData.PatientData" name="contactInfo" time="0.544"/>
  <testcase classname="TestData.PatientData" name="verify_patient_vist" time="83.181"/>
</testsuite> <!-- Default test -->
