<?xml version="1.0" encoding="UTF-8"?>
<!-- Generated by org.testng.reporters.JUnitXMLReporter -->
<testsuite ignored="6" hostname="DESKTOP-L0JVME0" failures="1" tests="4" name="Register" time="8.405" errors="0" timestamp="2023-09-22T11:44:18 IST">
  <testcase classname="TestData.PatientData" name="click_Register_menu" time="7.059"/>
  <testcase classname="TestData.PatientData" name="demographics" time="0.664"/>
  <testcase classname="TestData.PatientData" name="contactInfo" time="0.536"/>
  <testcase classname="TestData.PatientVisit_Data" name="verify_patient_vist" time="0.002">
    <failure type="java.lang.NullPointerException" message="Cannot invoke &amp;quot;org.openqa.selenium.WebElement.click()&amp;quot; because &amp;quot;TestData.PatientVisit_Data.click_start_visit&amp;quot; is null">
      <![CDATA[java.lang.NullPointerException: Cannot invoke "org.openqa.selenium.WebElement.click()" because "TestData.PatientVisit_Data.click_start_visit" is null
at TestData.PatientVisit_Data.verify_patient_vist(PatientVisit_Data.java:14)
at java.base/java.util.ArrayList.forEach(ArrayList.java:1511)
... Removed 25 stack frames]]>
    </failure>
  </testcase> <!-- verify_patient_vist -->
  <testcase classname="Main.Index" name="@BeforeSuite login" time="0.0">
    <ignored/>
  </testcase> <!-- @BeforeSuite login -->
  <testcase classname="Main.Index" name="@BeforeSuite launch_Browser" time="0.0">
    <ignored/>
  </testcase> <!-- @BeforeSuite launch_Browser -->
  <testcase classname="Main.Index" name="@BeforeSuite login" time="0.0">
    <ignored/>
  </testcase> <!-- @BeforeSuite login -->
  <testcase classname="Main.Index" name="@AfterSuite tear_down" time="0.0">
    <ignored/>
  </testcase> <!-- @AfterSuite tear_down -->
  <testcase classname="Main.Index" name="@AfterSuite tear_down" time="0.0">
    <ignored/>
  </testcase> <!-- @AfterSuite tear_down -->
  <testcase classname="Main.Index" name="@BeforeSuite launch_Browser" time="0.0">
    <ignored/>
  </testcase> <!-- @BeforeSuite launch_Browser -->
</testsuite> <!-- Register -->
